This is pdfTeX, Version 3.1415926-2.5-1.40.14 (MiKTeX 2.9) (preloaded format=pdflatex 2014.1.7)  16 JUN 2014 13:34
entering extended mode
**Ausarbeitung.tex
(C:\Users\Tobias\Documents\GitHub\controller-design\Ausarbeitung_Projekt\Ausarbeitung.tex
LaTeX2e <2011/06/27>
Babel <v3.8m> and hyphenation patterns for english, afrikaans, ancientgreek, arabic, armenian, assamese, basque, bengali
, bokmal, bulgarian, catalan, coptic, croatian, czech, danish, dutch, esperanto, estonian, farsi, finnish, french, galic
ian, german, german-x-2013-05-26, greek, gujarati, hindi, hungarian, icelandic, indonesian, interlingua, irish, italian,
 kannada, kurmanji, latin, latvian, lithuanian, malayalam, marathi, mongolian, mongolianlmc, monogreek, ngerman, ngerman
-x-2013-05-26, nynorsk, oriya, panjabi, pinyin, polish, portuguese, romanian, russian, sanskrit, serbian, slovak, sloven
ian, spanish, swedish, swissgerman, tamil, telugu, turkish, turkmen, ukenglish, ukrainian, uppersorbian, usenglishmax, w
elsh, loaded.
(C:\Users\Tobias\AppData\Roaming\MiKTeX\2.9\tex\latex\koma-script\scrreprt.cls
Document Class: scrreprt 2013/12/19 v3.12 KOMA-Script document class (report)
(C:\Users\Tobias\AppData\Roaming\MiKTeX\2.9\tex\latex\koma-script\scrkbase.sty
Package: scrkbase 2013/12/19 v3.12 KOMA-Script package (KOMA-Script-dependent basics and keyval usage)

(C:\Users\Tobias\AppData\Roaming\MiKTeX\2.9\tex\latex\koma-script\scrbase.sty
Package: scrbase 2013/12/19 v3.12 KOMA-Script package (KOMA-Script-independent basics and keyval usage)

("C:\Program Files (x86)\MiKTeX 2.9\tex\latex\graphics\keyval.sty"
Package: keyval 1999/03/16 v1.13 key=value parser (DPC)
\KV@toks@=\toks14
)
(C:\Users\Tobias\AppData\Roaming\MiKTeX\2.9\tex\latex\koma-script\scrlfile.sty
Package: scrlfile 2013/12/19 v3.12 KOMA-Script package (loading files)

Package scrlfile, 2013/12/19 v3.12 KOMA-Script package (loading files)
                  Copyright (C) Markus Kohm

))) (C:\Users\Tobias\AppData\Roaming\MiKTeX\2.9\tex\latex\koma-script\tocbasic.sty
Package: tocbasic 2013/12/19 v3.12 KOMA-Script package (handling toc-files)
)
Package tocbasic Info: omitting babel extension for `toc'
(tocbasic)             because of feature `nobabel' available
(tocbasic)             for `toc' on input line 117.
Package tocbasic Info: omitting babel extension for `lof'
(tocbasic)             because of feature `nobabel' available
(tocbasic)             for `lof' on input line 118.
Package tocbasic Info: omitting babel extension for `lot'
(tocbasic)             because of feature `nobabel' available
(tocbasic)             for `lot' on input line 119.
Package tocbasic Info: defining new hook before heading of `' on input line 1123.
Package scrreprt Info: You've used standard option `11pt'.
(scrreprt)             This is correct!
(scrreprt)             Internally I'm using `fontsize=11pt'.
(scrreprt)             If you'd like to set the option with \KOMAoptions,
(scrreprt)             you'd have to use `fontsize=11pt' there
(scrreprt)             instead of `11pt', too.

("C:\Program Files (x86)\MiKTeX 2.9\tex\latex\base\fleqn.clo"
File: fleqn.clo 1998/08/17 v1.1c Standard LaTeX option (flush left equations)
\mathindent=\dimen102
)

Class scrreprt Warning: You've used obsolete option `halfparskip'.
(scrreprt)              Usage of this option indicates an old document and
(scrreprt)              is deprecated.
(scrreprt)              You should simply replace
(scrreprt)              usage of option `halfparskip' by `parskip=half'.

Class scrreprt Info: Switching compatibility level to `first'.

Class scrreprt Warning: You've used obsolete option `idxtotoc'.
(scrreprt)              Usage of this option indicates an old document and
(scrreprt)              is deprecated.
(scrreprt)              You should simply replace
(scrreprt)              usage of option `idxtotoc' by `index=totoc'.

Class scrreprt Info: Switching compatibility level to `first'.

Class scrreprt Warning: You've used obsolete option `bibtotoc'.
(scrreprt)              Usage of this option indicates an old document and
(scrreprt)              is deprecated.
(scrreprt)              You should simply replace
(scrreprt)              usage of option `bibtotoc' by `bibliography=totoc'.

Class scrreprt Info: Switching compatibility level to `first'.

Class scrreprt Warning: You've used obsolete option `liststotoc'.
(scrreprt)              Usage of this option indicates an old document and
(scrreprt)              is deprecated.
(scrreprt)              You should simply replace
(scrreprt)              usage of option `liststotoc' by `listof=totoc'.

Class scrreprt Info: Switching compatibility level to `first'.

Class scrreprt Warning: You've used obsolete option `bibtotocnumbered'.
(scrreprt)              Usage of this option indicates an old document and
(scrreprt)              is deprecated.
(scrreprt)              You should simply replace
(scrreprt)              usage of option `bibtotocnumbered' by `bibliography=totocnumbered'.

Class scrreprt Info: Switching compatibility level to `first'.

Class scrreprt Warning: You've used obsolete option `pointlessnumbers'.
(scrreprt)              Usage of this option indicates an old document and
(scrreprt)              is deprecated.
(scrreprt)              You should simply replace
(scrreprt)              usage of option `pointlessnumbers' by `numbers=noenddot'.

Class scrreprt Info: Switching compatibility level to `first'.
Class scrreprt Info: You've used standard option `openbib'.
(scrreprt)           This is correct!
(scrreprt)           Internally I'm using `bibliography=openstyle'.
(scrreprt)           If you'd like to set the option with \KOMAoptions,
(scrreprt)           you'd have to use `bibliography=openstyle' there
(scrreprt)           instead of `openbib', too.
Class scrreprt Info: File `scrsize11pt.clo' used to setup font sizes on input line 1655.
(C:\Users\Tobias\AppData\Roaming\MiKTeX\2.9\tex\latex\koma-script\scrsize11pt.clo
File: scrsize11pt.clo 2013/12/19 v3.12 KOMA-Script font size class option (11pt)
)
(C:\Users\Tobias\AppData\Roaming\MiKTeX\2.9\tex\latex\koma-script\typearea.sty
Package: typearea 2013/12/19 v3.12 KOMA-Script package (type area)

Package typearea, 2013/12/19 v3.12 KOMA-Script package (type area)
                  Copyright (C) Frank Neukam, 1992-1994
                  Copyright (C) Markus Kohm, 1994-

\ta@bcor=\skip41
\ta@div=\count79
Package typearea Info: You've used standard option `a4paper'.
(typearea)             This is correct!
(typearea)             Internally I'm using `paper=a4'.
(typearea)             If you'd like to set the option with \KOMAoptions,
(typearea)             you'd have to use `paper=a4' there
(typearea)             instead of `a4paper', too.
\ta@hblk=\skip42
\ta@vblk=\skip43
\ta@temp=\skip44
\footheight=\skip45

Package typearea Warning: Bad type area settings!
(typearea)                The detected line width is about 22%
(typearea)                larger than the heuristically detected line width.
(typearea)                You should e.g. decrease DIV, increase fontsize
(typearea)                or change papersize.

Package typearea Info: These are the values describing the layout:
(typearea)             DIV  = 15
(typearea)             BCOR = 0.0pt
(typearea)             \paperwidth      = 597.50793pt
(typearea)              \textwidth      = 478.00635pt
(typearea)              DIV departure   = -22%
(typearea)              \evensidemargin = -12.5192pt
(typearea)              \oddsidemargin  = -12.5192pt
(typearea)             \paperheight     = 845.04694pt
(typearea)              \textheight     = 650.20029pt
(typearea)              \topmargin      = -15.93353pt
(typearea)              \headheight     = 17.0pt
(typearea)              \headsep        = 20.40001pt
(typearea)              \topskip        = 11.0pt
(typearea)              \footskip       = 47.6pt
(typearea)              \baselineskip   = 13.6pt
(typearea)              on input line 1330.
)
\c@part=\count80
\c@chapter=\count81
\c@section=\count82
\c@subsection=\count83
\c@subsubsection=\count84
\c@paragraph=\count85
\c@subparagraph=\count86
\abovecaptionskip=\skip46
\belowcaptionskip=\skip47
\c@pti@nb@sid@b@x=\box26
\c@figure=\count87
\c@table=\count88
\bibindent=\dimen103
) ("C:\Program Files (x86)\MiKTeX 2.9\tex\latex\base\inputenc.sty"
Package: inputenc 2008/03/30 v1.1d Input encoding file
\inpenc@prehook=\toks15
\inpenc@posthook=\toks16

("C:\Program Files (x86)\MiKTeX 2.9\tex\latex\base\ansinew.def"
File: ansinew.def 2008/03/30 v1.1d Input encoding file
))
("C:\Program Files (x86)\MiKTeX 2.9\tex\latex\base\fontenc.sty"
Package: fontenc 2005/09/27 v1.99g Standard LaTeX package

("C:\Program Files (x86)\MiKTeX 2.9\tex\latex\base\t1enc.def"
File: t1enc.def 2005/09/27 v1.99g Standard LaTeX file
LaTeX Font Info:    Redeclaring font encoding T1 on input line 43.
))
("C:\Program Files (x86)\MiKTeX 2.9\tex\generic\babel\babel.sty"
Package: babel 2008/07/08 v3.8m The Babel package

*************************************
* Local config file bblopts.cfg used
*
("C:\Program Files (x86)\MiKTeX 2.9\tex\latex\00miktex\bblopts.cfg"
File: bblopts.cfg 2006/07/31 v1.0 MiKTeX 'babel' configuration
)
("C:\Program Files (x86)\MiKTeX 2.9\tex\generic\babel\ngermanb.ldf"
Language: ngermanb 2008/07/06 v2.6n new German support from the babel system

("C:\Program Files (x86)\MiKTeX 2.9\tex\generic\babel\babel.def"
File: babel.def 2008/07/08 v3.8m Babel common definitions
\babel@savecnt=\count89
\U@D=\dimen104
)
\l@naustrian = a dialect from \language\l@ngerman 
Package babel Info: Making " an active character on input line 92.
))
("C:\Program Files (x86)\MiKTeX 2.9\tex\latex\tools\varioref.sty"
Package: varioref 2011/10/02 v1.4z package for extended references (FMi)
\c@vrcnt=\count90
)
(C:\Users\Tobias\AppData\Roaming\MiKTeX\2.9\tex\latex\xcolor\xcolor.sty
Package: xcolor 2007/01/21 v2.11 LaTeX color extensions (UK)

("C:\Program Files (x86)\MiKTeX 2.9\tex\latex\00miktex\color.cfg"
File: color.cfg 2007/01/18 v1.5 color configuration of teTeX/TeXLive
)
Package xcolor Info: Driver file: pdftex.def on input line 225.

("C:\Program Files (x86)\MiKTeX 2.9\tex\latex\pdftex-def\pdftex.def"
File: pdftex.def 2011/05/27 v0.06d Graphics/color for pdfTeX

("C:\Program Files (x86)\MiKTeX 2.9\tex\generic\oberdiek\infwarerr.sty"
Package: infwarerr 2010/04/08 v1.3 Providing info/warning/error messages (HO)
)
("C:\Program Files (x86)\MiKTeX 2.9\tex\generic\oberdiek\ltxcmds.sty"
Package: ltxcmds 2011/11/09 v1.22 LaTeX kernel commands for general use (HO)
)
\Gread@gobject=\count91
)
Package xcolor Info: Model `cmy' substituted by `cmy0' on input line 1337.
Package xcolor Info: Model `hsb' substituted by `rgb' on input line 1341.
Package xcolor Info: Model `RGB' extended on input line 1353.
Package xcolor Info: Model `HTML' substituted by `rgb' on input line 1355.
Package xcolor Info: Model `Hsb' substituted by `hsb' on input line 1356.
Package xcolor Info: Model `tHsb' substituted by `hsb' on input line 1357.
Package xcolor Info: Model `HSB' substituted by `hsb' on input line 1358.
Package xcolor Info: Model `Gray' substituted by `gray' on input line 1359.
Package xcolor Info: Model `wave' substituted by `hsb' on input line 1360.
)
(C:\Users\Tobias\AppData\Roaming\MiKTeX\2.9\tex\latex\framed\framed.sty
Package: framed 2011/10/22 v 0.96: framed or shaded text with page breaks
\OuterFrameSep=\skip48
\fb@frw=\dimen105
\fb@frh=\dimen106
\FrameRule=\dimen107
\FrameSep=\dimen108
)
("C:\Program Files (x86)\MiKTeX 2.9\tex\latex\graphics\graphicx.sty"
Package: graphicx 1999/02/16 v1.0f Enhanced LaTeX Graphics (DPC,SPQR)

("C:\Program Files (x86)\MiKTeX 2.9\tex\latex\graphics\graphics.sty"
Package: graphics 2009/02/05 v1.0o Standard LaTeX Graphics (DPC,SPQR)

("C:\Program Files (x86)\MiKTeX 2.9\tex\latex\graphics\trig.sty"
Package: trig 1999/03/16 v1.09 sin cos tan (DPC)
)
("C:\Program Files (x86)\MiKTeX 2.9\tex\latex\00miktex\graphics.cfg"
File: graphics.cfg 2007/01/18 v1.5 graphics configuration of teTeX/TeXLive
)
Package graphics Info: Driver file: pdftex.def on input line 91.
)
\Gin@req@height=\dimen109
\Gin@req@width=\dimen110
)
(C:\Users\Tobias\AppData\Roaming\MiKTeX\2.9\tex\latex\subfigure\subfigure.sty
Package: subfigure 2002/07/30 v2.1.4 subfigure package
\subfigtopskip=\skip49
\subfigcapskip=\skip50
\subfigcaptopadj=\dimen111
\subfigbottomskip=\skip51
\subfigcapmargin=\dimen112
\subfiglabelskip=\skip52
\c@subfigure=\count92
\c@lofdepth=\count93
\c@subtable=\count94
\c@lotdepth=\count95

****************************************
* Local config file subfigure.cfg used *
****************************************
(C:\Users\Tobias\AppData\Roaming\MiKTeX\2.9\tex\latex\subfigure\subfigure.cfg)
\subfig@top=\skip53
\subfig@bottom=\skip54
)
(C:\Users\Tobias\AppData\Roaming\MiKTeX\2.9\tex\latex\caption\caption.sty
Package: caption 2013/05/02 v3.3-89 Customizing captions (AR)

(C:\Users\Tobias\AppData\Roaming\MiKTeX\2.9\tex\latex\caption\caption3.sty
Package: caption3 2013/05/02 v1.6-88 caption3 kernel (AR)
Package caption3 Info: TeX engine: e-TeX on input line 57.
\captionmargin=\dimen113
\captionmargin@=\dimen114
\captionwidth=\dimen115
\caption@tempdima=\dimen116
\caption@indent=\dimen117
\caption@parindent=\dimen118
\caption@hangindent=\dimen119
)
Package caption Info: KOMA-Script document class.
\c@ContinuedFloat=\count96
Package caption Info: subfigure package is loaded.
)
("C:\Program Files (x86)\MiKTeX 2.9\tex\latex\ltxmisc\here.sty")
("C:\Program Files (x86)\MiKTeX 2.9\tex\latex\tools\array.sty"
Package: array 2008/09/09 v2.4c Tabular extension package (FMi)
\col@sep=\dimen120
\extrarowheight=\dimen121
\NC@list=\toks17
\extratabsurround=\skip55
\backup@length=\skip56
)
(C:\Users\Tobias\AppData\Roaming\MiKTeX\2.9\tex\latex\booktabs\booktabs.sty
Package: booktabs 2005/04/14 v1.61803 publication quality tables
\heavyrulewidth=\dimen122
\lightrulewidth=\dimen123
\cmidrulewidth=\dimen124
\belowrulesep=\dimen125
\belowbottomsep=\dimen126
\aboverulesep=\dimen127
\abovetopsep=\dimen128
\cmidrulesep=\dimen129
\cmidrulekern=\dimen130
\defaultaddspace=\dimen131
\@cmidla=\count97
\@cmidlb=\count98
\@aboverulesep=\dimen132
\@belowrulesep=\dimen133
\@thisruleclass=\count99
\@lastruleclass=\count100
\@thisrulewidth=\dimen134
)
("C:\Program Files (x86)\MiKTeX 2.9\tex\latex\tools\longtable.sty"
Package: longtable 2004/02/01 v4.11 Multi-page Table package (DPC)
\LTleft=\skip57
\LTright=\skip58
\LTpre=\skip59
\LTpost=\skip60
\LTchunksize=\count101
\LTcapwidth=\dimen135
\LT@head=\box27
\LT@firsthead=\box28
\LT@foot=\box29
\LT@lastfoot=\box30
\LT@cols=\count102
\LT@rows=\count103
\c@LT@tables=\count104
\c@LT@chunks=\count105
\LT@p@ftn=\toks18
)
Class scrreprt Info: longtable captions redefined on input line 47.

("C:\Program Files (x86)\MiKTeX 2.9\tex\latex\multirow\multirow.sty"
\bigstrutjot=\dimen136
)
("C:\Program Files (x86)\MiKTeX 2.9\tex\latex\eurosym\eurosym.sty"
Package: eurosym 1998/08/06 v1.1 European currency symbol ``Euro''
\@eurobox=\box31
)
(C:\Users\Tobias\AppData\Roaming\MiKTeX\2.9\tex\latex\url\url.sty
\Urlmuskip=\muskip10
Package: url 2013/09/16  ver 3.4  Verb mode for urls, etc.
)
(C:\Users\Tobias\AppData\Roaming\MiKTeX\2.9\tex\latex\ifsym\ifsym.sty
Package: ifsym 2000/04/18 I.Kloeckl

("C:\Program Files (x86)\MiKTeX 2.9\tex\latex\tools\calc.sty"
Package: calc 2007/08/22 v4.3 Infix arithmetic (KKT,FJ)
\calc@Acount=\count106
\calc@Bcount=\count107
\calc@Adimen=\dimen137
\calc@Bdimen=\dimen138
\calc@Askip=\skip61
\calc@Bskip=\skip62
LaTeX Info: Redefining \setlength on input line 76.
LaTeX Info: Redefining \addtolength on input line 77.
\calc@Ccount=\count108
\calc@Cskip=\skip63
)
\c@ifsymcnt=\count109
)
("C:\Program Files (x86)\MiKTeX 2.9\tex\latex\amsmath\amsmath.sty"
Package: amsmath 2013/01/14 v2.14 AMS math features
\@mathmargin=\skip64

For additional information on amsmath, use the `?' option.
("C:\Program Files (x86)\MiKTeX 2.9\tex\latex\amsmath\amstext.sty"
Package: amstext 2000/06/29 v2.01

("C:\Program Files (x86)\MiKTeX 2.9\tex\latex\amsmath\amsgen.sty"
File: amsgen.sty 1999/11/30 v2.0
\@emptytoks=\toks19
\ex@=\dimen139
))
("C:\Program Files (x86)\MiKTeX 2.9\tex\latex\amsmath\amsbsy.sty"
Package: amsbsy 1999/11/29 v1.2d
\pmbraise@=\dimen140
)
("C:\Program Files (x86)\MiKTeX 2.9\tex\latex\amsmath\amsopn.sty"
Package: amsopn 1999/12/14 v2.01 operator names
)
\inf@bad=\count110
LaTeX Info: Redefining \frac on input line 210.
\uproot@=\count111
\leftroot@=\count112
LaTeX Info: Redefining \overline on input line 306.
\classnum@=\count113
\DOTSCASE@=\count114
LaTeX Info: Redefining \ldots on input line 378.
LaTeX Info: Redefining \dots on input line 381.
LaTeX Info: Redefining \cdots on input line 466.
\Mathstrutbox@=\box32
\strutbox@=\box33
\big@size=\dimen141
LaTeX Font Info:    Redeclaring font encoding OML on input line 566.
LaTeX Font Info:    Redeclaring font encoding OMS on input line 567.
\macc@depth=\count115
\c@MaxMatrixCols=\count116
\dotsspace@=\muskip11
\c@parentequation=\count117
\dspbrk@lvl=\count118
\tag@help=\toks20
\row@=\count119
\column@=\count120
\maxfields@=\count121
\andhelp@=\toks21
\eqnshift@=\dimen142
\alignsep@=\dimen143
\tagshift@=\dimen144
\tagwidth@=\dimen145
\totwidth@=\dimen146
\lineht@=\dimen147
\@envbody=\toks22
\multlinegap=\skip65
\multlinetaggap=\skip66
\mathdisplay@stack=\toks23
LaTeX Info: Redefining \[ on input line 2665.
LaTeX Info: Redefining \] on input line 2666.
)
("C:\Program Files (x86)\MiKTeX 2.9\tex\latex\amsfonts\amssymb.sty"
Package: amssymb 2013/01/14 v3.01 AMS font symbols

("C:\Program Files (x86)\MiKTeX 2.9\tex\latex\amsfonts\amsfonts.sty"
Package: amsfonts 2013/01/14 v3.01 Basic AMSFonts support
\symAMSa=\mathgroup4
\symAMSb=\mathgroup5
LaTeX Font Info:    Overwriting math alphabet `\mathfrak' in version `bold'
(Font)                  U/euf/m/n --> U/euf/b/n on input line 106.
))
("C:\Program Files (x86)\MiKTeX 2.9\tex\latex\tools\theorem.sty"
Package: theorem 1995/11/23 v2.2c Theorem extension package (FMi)
\theorem@style=\toks24
\theorem@bodyfont=\toks25
\theorempreskipamount=\skip67
\theorempostskipamount=\skip68

("C:\Program Files (x86)\MiKTeX 2.9\tex\latex\tools\thp.sty"
File: thp.sty 1995/11/23 v2.2c Theorem extension package (FMi)
))
(C:\Users\Tobias\AppData\Roaming\MiKTeX\2.9\tex\latex\siunits\SIunits.sty
Package: SIunits 2007/12/02 v1.36 Support for the International System of units (MH)


\@qskwidth=\skip69
\symgreek=\mathgroup6
(C:\Users\Tobias\AppData\Roaming\MiKTeX\2.9\tex\latex\siunits\SIunits.cfg)
LaTeX Info: Redefining \@qsk on input line 576.

Option `thickqspace' provided!
Option `amssymb' provided!
) (C:\Users\Tobias\AppData\Roaming\MiKTeX\2.9\tex\latex\was\icomma.sty
Package: icomma 2002/03/10 v2.0 (WaS)
)
("C:\Program Files (x86)\MiKTeX 2.9\tex\latex\hyperref\hyperref.sty"
Package: hyperref 2012/11/06 v6.83m Hypertext links for LaTeX

("C:\Program Files (x86)\MiKTeX 2.9\tex\generic\oberdiek\hobsub-hyperref.sty"
Package: hobsub-hyperref 2012/04/25 v1.12 Bundle oberdiek, subset hyperref (HO)

("C:\Program Files (x86)\MiKTeX 2.9\tex\generic\oberdiek\hobsub-generic.sty"
Package: hobsub-generic 2012/04/25 v1.12 Bundle oberdiek, subset generic (HO)
Package: hobsub 2012/04/25 v1.12 Construct package bundles (HO)
Package hobsub Info: Skipping package `infwarerr' (already loaded).
Package hobsub Info: Skipping package `ltxcmds' (already loaded).
Package: ifluatex 2010/03/01 v1.3 Provides the ifluatex switch (HO)
Package ifluatex Info: LuaTeX not detected.
Package: ifvtex 2010/03/01 v1.5 Detect VTeX and its facilities (HO)
Package ifvtex Info: VTeX not detected.
Package: intcalc 2007/09/27 v1.1 Expandable calculations with integers (HO)
Package: ifpdf 2011/01/30 v2.3 Provides the ifpdf switch (HO)
Package ifpdf Info: pdfTeX in PDF mode is detected.
Package: etexcmds 2011/02/16 v1.5 Avoid name clashes with e-TeX commands (HO)
Package etexcmds Info: Could not find \expanded.
(etexcmds)             That can mean that you are not using pdfTeX 1.50 or
(etexcmds)             that some package has redefined \expanded.
(etexcmds)             In the latter case, load this package earlier.
Package: kvsetkeys 2012/04/25 v1.16 Key value parser (HO)
Package: kvdefinekeys 2011/04/07 v1.3 Define keys (HO)
Package: pdftexcmds 2011/11/29 v0.20 Utility functions of pdfTeX for LuaTeX (HO)
Package pdftexcmds Info: LuaTeX not detected.
Package pdftexcmds Info: \pdf@primitive is available.
Package pdftexcmds Info: \pdf@ifprimitive is available.
Package pdftexcmds Info: \pdfdraftmode found.
Package: pdfescape 2011/11/25 v1.13 Implements pdfTeX's escape features (HO)
Package: bigintcalc 2012/04/08 v1.3 Expandable calculations on big integers (HO)
Package: bitset 2011/01/30 v1.1 Handle bit-vector datatype (HO)
Package: uniquecounter 2011/01/30 v1.2 Provide unlimited unique counter (HO)
)
Package hobsub Info: Skipping package `hobsub' (already loaded).
Package: letltxmacro 2010/09/02 v1.4 Let assignment for LaTeX macros (HO)
Package: hopatch 2011/06/24 v1.1 Wrapper for package hooks (HO)
Package: xcolor-patch 2011/01/30 xcolor patch
Package: atveryend 2011/06/30 v1.8 Hooks at the very end of document (HO)
Package atveryend Info: \enddocument detected (standard20110627).
Package: atbegshi 2011/10/05 v1.16 At begin shipout hook (HO)
Package: refcount 2011/10/16 v3.4 Data extraction from label references (HO)
Package: hycolor 2011/01/30 v1.7 Color options for hyperref/bookmark (HO)
)
("C:\Program Files (x86)\MiKTeX 2.9\tex\generic\ifxetex\ifxetex.sty"
Package: ifxetex 2010/09/12 v0.6 Provides ifxetex conditional
)
("C:\Program Files (x86)\MiKTeX 2.9\tex\latex\oberdiek\auxhook.sty"
Package: auxhook 2011/03/04 v1.3 Hooks for auxiliary files (HO)
)
("C:\Program Files (x86)\MiKTeX 2.9\tex\latex\oberdiek\kvoptions.sty"
Package: kvoptions 2011/06/30 v3.11 Key value format for package options (HO)
)
\@linkdim=\dimen148
\Hy@linkcounter=\count122
\Hy@pagecounter=\count123

("C:\Program Files (x86)\MiKTeX 2.9\tex\latex\hyperref\pd1enc.def"
File: pd1enc.def 2012/11/06 v6.83m Hyperref: PDFDocEncoding definition (HO)
)
\Hy@SavedSpaceFactor=\count124

("C:\Program Files (x86)\MiKTeX 2.9\tex\latex\00miktex\hyperref.cfg"
File: hyperref.cfg 2002/06/06 v1.2 hyperref configuration of TeXLive
)
Package hyperref Info: Option `pdfpagelabels' set `true' on input line 4319.
Package hyperref Info: Option `bookmarksnumbered' set `true' on input line 4319.
Package hyperref Info: Option `bookmarksopen' set `true' on input line 4319.
Package hyperref Info: Option `plainpages' set `false' on input line 4319.
Package hyperref Info: Hyper figures OFF on input line 4443.
Package hyperref Info: Link nesting OFF on input line 4448.
Package hyperref Info: Hyper index ON on input line 4451.
Package hyperref Info: Plain pages OFF on input line 4458.
Package hyperref Info: Backreferencing OFF on input line 4463.
Package hyperref Info: Implicit mode ON; LaTeX internals redefined.
Package hyperref Info: Bookmarks ON on input line 4688.
\c@Hy@tempcnt=\count125
LaTeX Info: Redefining \url on input line 5041.
\XeTeXLinkMargin=\dimen149
\Fld@menulength=\count126
\Field@Width=\dimen150
\Fld@charsize=\dimen151
Package hyperref Info: Hyper figures OFF on input line 6295.
Package hyperref Info: Link nesting OFF on input line 6300.
Package hyperref Info: Hyper index ON on input line 6303.
Package hyperref Info: backreferencing OFF on input line 6310.
Package hyperref Info: Link coloring OFF on input line 6315.
Package hyperref Info: Link coloring with OCG OFF on input line 6320.
Package hyperref Info: PDF/A mode OFF on input line 6325.
LaTeX Info: Redefining \ref on input line 6365.
LaTeX Info: Redefining \pageref on input line 6369.
\Hy@abspage=\count127
\c@Item=\count128
\c@Hfootnote=\count129
)

Package hyperref Message: Driver (autodetected): hpdftex.

("C:\Program Files (x86)\MiKTeX 2.9\tex\latex\hyperref\hpdftex.def"
File: hpdftex.def 2012/11/06 v6.83m Hyperref driver for pdfTeX
\Fld@listcount=\count130
\c@bookmark@seq@number=\count131

("C:\Program Files (x86)\MiKTeX 2.9\tex\latex\oberdiek\rerunfilecheck.sty"
Package: rerunfilecheck 2011/04/15 v1.7 Rerun checks for auxiliary files (HO)
Package uniquecounter Info: New unique counter `rerunfilecheck' on input line 282.
)
\Hy@SectionHShift=\skip70
)
(C:\Users\Tobias\AppData\Roaming\MiKTeX\2.9\tex\latex\pdfpages\pdfpages.sty
Package: pdfpages 2013/08/25 v0.4v Insert pages of external PDF documents (AM)

("C:\Program Files (x86)\MiKTeX 2.9\tex\latex\base\ifthen.sty"
Package: ifthen 2001/05/26 v1.1c Standard LaTeX ifthen package (DPC)
)
(C:\Users\Tobias\AppData\Roaming\MiKTeX\2.9\tex\latex\eso-pic\eso-pic.sty
Package: eso-pic 2013/10/06 v2.0d eso-pic (RN)
)
(C:\Users\Tobias\AppData\Roaming\MiKTeX\2.9\tex\latex\pdfpages\pppdftex.def
File: pppdftex.def 2013/08/25 v0.4v Pdfpages driver for pdfTeX (AM)
)
\AM@pagebox=\box34
\AM@toc@title=\toks26
\c@AM@survey=\count132
\AM@templatesizebox=\box35
)
(C:\Users\Tobias\AppData\Roaming\MiKTeX\2.9\tex\latex\csquotes\csquotes.sty
Package: csquotes 2011/10/22 v5.1d context-sensitive quotations

(C:\Users\Tobias\AppData\Roaming\MiKTeX\2.9\tex\latex\etoolbox\etoolbox.sty
Package: etoolbox 2011/01/03 v2.1 e-TeX tools for LaTeX

("C:\Program Files (x86)\MiKTeX 2.9\tex\latex\misc\etex.sty"
Package: etex 1998/03/26 v2.0 eTeX basic definition package (PEB)
\et@xins=\count133
)
\etb@tempcnta=\count134
)
\csq@reset=\count135
\csq@gtype=\count136
\csq@glevel=\count137
\csq@qlevel=\count138
\csq@maxlvl=\count139
\csq@tshold=\count140
\csq@ltx@everypar=\toks27

(C:\Users\Tobias\AppData\Roaming\MiKTeX\2.9\tex\latex\csquotes\csquotes.def
File: csquotes.def 2011/10/22 v5.1d csquotes generic definitions
)
Package csquotes Info: Trying to load configuration file 'csquotes.cfg'...
Package csquotes Info: ... configuration file loaded successfully.

(C:\Users\Tobias\AppData\Roaming\MiKTeX\2.9\tex\latex\csquotes\csquotes.cfg
File: csquotes.cfg 
)
Package csquotes Info: Option 'babel' depreciated.
(csquotes)             Using 'autostyle'.
Package csquotes Info: Enabling multilingual quotes.
)
(C:\Users\Tobias\AppData\Roaming\MiKTeX\2.9\tex\latex\listings\listings.sty
\lst@mode=\count141
\lst@gtempboxa=\box36
\lst@token=\toks28
\lst@length=\count142
\lst@currlwidth=\dimen152
\lst@column=\count143
\lst@pos=\count144
\lst@lostspace=\dimen153
\lst@width=\dimen154
\lst@newlines=\count145
\lst@lineno=\count146
\lst@maxwidth=\dimen155

(C:\Users\Tobias\AppData\Roaming\MiKTeX\2.9\tex\latex\listings\lstmisc.sty
File: lstmisc.sty 2013/08/26 1.5b (Carsten Heinz)
\c@lstnumber=\count147
\lst@skipnumbers=\count148
\lst@framebox=\box37
)
(C:\Users\Tobias\AppData\Roaming\MiKTeX\2.9\tex\latex\listings\listings.cfg
File: listings.cfg 2013/08/26 1.5b listings configuration
))
Package: listings 2013/08/26 1.5b (Carsten Heinz)

("C:\Program Files (x86)\MiKTeX 2.9\tex\latex\base\makeidx.sty"
Package: makeidx 2000/03/29 v1.0m Standard LaTeX package
)
(C:\Users\Tobias\AppData\Roaming\MiKTeX\2.9\tex\latex\fancybox\fancybox.sty
Package: fancybox 2010/05/15 1.4

Style option: `fancybox' v1.4 <2010/05/15> (tvz)
\@fancybox=\box38
\shadowsize=\dimen156
\@Sbox=\box39
\do@VerbBox=\toks29
\the@fancyput=\toks30
\this@fancyput=\toks31
\EndVerbatimTokens=\toks32
\Verbatim@Outfile=\write3
\Verbatim@Infile=\read1
) (C:\Users\Tobias\AppData\Roaming\MiKTeX\2.9\tex\latex\svn-multi\svn-multi.sty
Package: svn-multi 2011/08/30 v2.4d SVN Keywords for multi-file LaTeX documents
)
(C:\Users\Tobias\AppData\Roaming\MiKTeX\2.9\tex\latex\cmbright\cmbright.sty
Package: cmbright 2005/04/13 v8.1 (WaS)
LaTeX Font Info:    Redeclaring symbol font `operators' on input line 29.
LaTeX Font Info:    Overwriting symbol font `operators' in version `normal'
(Font)                  OT1/cmr/m/n --> OT1/cmbr/m/n on input line 29.
LaTeX Font Info:    Overwriting symbol font `operators' in version `bold'
(Font)                  OT1/cmr/bx/n --> OT1/cmbr/m/n on input line 29.
LaTeX Font Info:    Redeclaring symbol font `letters' on input line 30.
LaTeX Font Info:    Overwriting symbol font `letters' in version `normal'
(Font)                  OML/cmm/m/it --> OML/cmbrm/m/it on input line 30.
LaTeX Font Info:    Overwriting symbol font `letters' in version `bold'
(Font)                  OML/cmm/b/it --> OML/cmbrm/m/it on input line 30.
LaTeX Font Info:    Overwriting symbol font `letters' in version `bold'
(Font)                  OML/cmbrm/m/it --> OML/cmbrm/b/it on input line 31.
LaTeX Font Info:    Redeclaring symbol font `symbols' on input line 32.
LaTeX Font Info:    Overwriting symbol font `symbols' in version `normal'
(Font)                  OMS/cmsy/m/n --> OMS/cmbrs/m/n on input line 32.
LaTeX Font Info:    Overwriting symbol font `symbols' in version `bold'
(Font)                  OMS/cmsy/b/n --> OMS/cmbrs/m/n on input line 32.
LaTeX Font Info:    Redeclaring math alphabet \mathit on input line 33.
LaTeX Font Info:    Overwriting math alphabet `\mathit' in version `normal'
(Font)                  OT1/cmr/m/it --> OT1/cmbr/m/sl on input line 33.
LaTeX Font Info:    Overwriting math alphabet `\mathit' in version `bold'
(Font)                  OT1/cmr/bx/it --> OT1/cmbr/m/sl on input line 33.
LaTeX Font Info:    Redeclaring math alphabet \mathbf on input line 34.
LaTeX Font Info:    Overwriting math alphabet `\mathbf' in version `normal'
(Font)                  OT1/cmr/bx/n --> OT1/cmbr/bx/n on input line 34.
LaTeX Font Info:    Overwriting math alphabet `\mathbf' in version `bold'
(Font)                  OT1/cmr/bx/n --> OT1/cmbr/bx/n on input line 34.
LaTeX Font Info:    Redeclaring math alphabet \mathtt on input line 35.
LaTeX Font Info:    Overwriting math alphabet `\mathtt' in version `normal'
(Font)                  OT1/cmtt/m/n --> OT1/cmtl/m/n on input line 35.
LaTeX Font Info:    Overwriting math alphabet `\mathtt' in version `bold'
(Font)                  OT1/cmtt/m/n --> OT1/cmtl/m/n on input line 35.
LaTeX Font Info:    Redeclaring math symbol \alpha on input line 37.
LaTeX Font Info:    Redeclaring math symbol \beta on input line 38.
LaTeX Font Info:    Redeclaring math symbol \gamma on input line 39.
LaTeX Font Info:    Redeclaring math symbol \delta on input line 40.
LaTeX Font Info:    Redeclaring math symbol \epsilon on input line 41.
LaTeX Font Info:    Redeclaring math symbol \zeta on input line 42.
LaTeX Font Info:    Redeclaring math symbol \eta on input line 43.
LaTeX Font Info:    Redeclaring math symbol \theta on input line 44.
LaTeX Font Info:    Redeclaring math symbol \iota on input line 45.
LaTeX Font Info:    Redeclaring math symbol \kappa on input line 46.
LaTeX Font Info:    Redeclaring math symbol \lambda on input line 47.
LaTeX Font Info:    Redeclaring math symbol \mu on input line 48.
LaTeX Font Info:    Redeclaring math symbol \nu on input line 49.
LaTeX Font Info:    Redeclaring math symbol \xi on input line 50.
LaTeX Font Info:    Redeclaring math symbol \pi on input line 51.
LaTeX Font Info:    Redeclaring math symbol \rho on input line 52.
LaTeX Font Info:    Redeclaring math symbol \sigma on input line 53.
LaTeX Font Info:    Redeclaring math symbol \tau on input line 54.
LaTeX Font Info:    Redeclaring math symbol \upsilon on input line 55.
LaTeX Font Info:    Redeclaring math symbol \phi on input line 56.
LaTeX Font Info:    Redeclaring math symbol \chi on input line 57.
LaTeX Font Info:    Redeclaring math symbol \psi on input line 58.
LaTeX Font Info:    Redeclaring math symbol \omega on input line 59.
LaTeX Font Info:    Redeclaring math symbol \varepsilon on input line 60.
LaTeX Font Info:    Redeclaring math symbol \vartheta on input line 61.
LaTeX Font Info:    Redeclaring math symbol \varpi on input line 62.
LaTeX Font Info:    Redeclaring math symbol \varrho on input line 63.
LaTeX Font Info:    Redeclaring math symbol \varsigma on input line 64.
LaTeX Font Info:    Redeclaring math symbol \varphi on input line 65.
LaTeX Info: Redefining \LaTeX on input line 129.
LaTeX Info: Redefining \LaTeXe on input line 139.
LaTeX Font Info:    Try loading font information for T1+cmbr on input line 144.

(C:\Users\Tobias\AppData\Roaming\MiKTeX\2.9\tex\latex\cmbright\t1cmbr.fd
File: t1cmbr.fd 2005/04/13 v8.1 (WaS)
))
(C:\Users\Tobias\Documents\GitHub\controller-design\Ausarbeitung_Projekt\Einstellungen.tex
("C:\Program Files (x86)\MiKTeX 2.9\tex\latex\tools\thb.sty"
File: thb.sty 1995/11/23 v2.2c Theorem extension package (FMi)
)
\c@satzenv=\count149
)
(C:\Users\Tobias\AppData\Roaming\MiKTeX\2.9\tex\latex\listings\lstlang1.sty
File: lstlang1.sty 2013/08/26 1.5b listings language file
)
(C:\Users\Tobias\AppData\Roaming\MiKTeX\2.9\tex\latex\listings\lstlang2.sty
File: lstlang2.sty 2013/08/26 1.5b listings language file
)
(C:\Users\Tobias\AppData\Roaming\MiKTeX\2.9\tex\latex\listings\lstlang3.sty
File: lstlang3.sty 2013/08/26 1.5b listings language file
)
(C:\Users\Tobias\AppData\Roaming\MiKTeX\2.9\tex\latex\listings\lstlang1.sty
File: lstlang1.sty 2013/08/26 1.5b listings language file
)
(C:\Users\Tobias\AppData\Roaming\MiKTeX\2.9\tex\latex\listings\lstlang2.sty
File: lstlang2.sty 2013/08/26 1.5b listings language file
)
(C:\Users\Tobias\AppData\Roaming\MiKTeX\2.9\tex\latex\listings\lstlang3.sty
File: lstlang3.sty 2013/08/26 1.5b listings language file
)
(C:\Users\Tobias\AppData\Roaming\MiKTeX\2.9\tex\latex\listings\lstlang1.sty
File: lstlang1.sty 2013/08/26 1.5b listings language file
)
(C:\Users\Tobias\AppData\Roaming\MiKTeX\2.9\tex\latex\listings\lstlang2.sty
File: lstlang2.sty 2013/08/26 1.5b listings language file
)
(C:\Users\Tobias\AppData\Roaming\MiKTeX\2.9\tex\latex\listings\lstlang3.sty
File: lstlang3.sty 2013/08/26 1.5b listings language file
)
(C:\Users\Tobias\AppData\Roaming\MiKTeX\2.9\tex\latex\listings\lstmisc.sty
File: lstmisc.sty 2013/08/26 1.5b (Carsten Heinz)
)
\@indexfile=\write4

Writing index file Ausarbeitung.idx
\@input{Titel_Projekt.aux}
(C:\Users\Tobias\Documents\GitHub\controller-design\Ausarbeitung_Projekt\Titel_Projekt.tex)
Package csquotes Info: Checking for multilingual support...
Package csquotes Info: ... found 'babel' package.

(C:\Users\Tobias\Documents\GitHub\controller-design\Ausarbeitung_Projekt\Ausarbeitung.aux
(C:\Users\Tobias\Documents\GitHub\controller-design\Ausarbeitung_Projekt\Kapitel/Personen.aux)
(C:\Users\Tobias\Documents\GitHub\controller-design\Ausarbeitung_Projekt\Kapitel/Einleitung.aux)
(C:\Users\Tobias\Documents\GitHub\controller-design\Ausarbeitung_Projekt\Kapitel/Hauptteil.aux)
(C:\Users\Tobias\Documents\GitHub\controller-design\Ausarbeitung_Projekt\Kapitel/Zusammenfassung2.aux)
(C:\Users\Tobias\Documents\GitHub\controller-design\Ausarbeitung_Projekt\Kapitel/Anhang/Quellenverzeichnis.aux))
LaTeX Font Info:    Checking defaults for OML/cmm/m/it on input line 112.
LaTeX Font Info:    ... okay on input line 112.
LaTeX Font Info:    Checking defaults for T1/cmr/m/n on input line 112.
LaTeX Font Info:    ... okay on input line 112.
LaTeX Font Info:    Checking defaults for OT1/cmr/m/n on input line 112.
LaTeX Font Info:    ... okay on input line 112.
LaTeX Font Info:    Checking defaults for OMS/cmsy/m/n on input line 112.
LaTeX Font Info:    ... okay on input line 112.
LaTeX Font Info:    Checking defaults for OMX/cmex/m/n on input line 112.
LaTeX Font Info:    ... okay on input line 112.
LaTeX Font Info:    Checking defaults for U/cmr/m/n on input line 112.
LaTeX Font Info:    ... okay on input line 112.
LaTeX Font Info:    Checking defaults for TS1/cmr/m/n on input line 112.
LaTeX Font Info:    Try loading font information for TS1+cmr on input line 112.

("C:\Program Files (x86)\MiKTeX 2.9\tex\latex\base\ts1cmr.fd"
File: ts1cmr.fd 1999/05/25 v2.5h Standard LaTeX font definitions
)
LaTeX Font Info:    ... okay on input line 112.
LaTeX Font Info:    Checking defaults for PD1/pdf/m/n on input line 112.
LaTeX Font Info:    ... okay on input line 112.

(C:\Users\Tobias\AppData\Roaming\MiKTeX\2.9\tex\context\base\supp-pdf.mkii
[Loading MPS to PDF converter (version 2006.09.02).]
\scratchcounter=\count150
\scratchdimen=\dimen157
\scratchbox=\box40
\nofMPsegments=\count151
\nofMParguments=\count152
\everyMPshowfont=\toks33
\MPscratchCnt=\count153
\MPscratchDim=\dimen158
\MPnumerator=\count154
\makeMPintoPDFobject=\count155
\everyMPtoPDFconversion=\toks34
)
Package caption Info: Begin \AtBeginDocument code.
Package caption Info: hyperref package is loaded.
Package caption Info: listings package is loaded.
Package caption Info: longtable package is loaded.
 (C:\Users\Tobias\AppData\Roaming\MiKTeX\2.9\tex\latex\caption\ltcaption.sty
Package: ltcaption 2013/02/03 v1.3-62 longtable captions (AR)
)
Package caption Info: End \AtBeginDocument code.

Option `amssymb' provided! 
 Command \square redefined by SIunits package!

\AtBeginShipoutBox=\box41
Package hyperref Info: Link coloring OFF on input line 112.
("C:\Program Files (x86)\MiKTeX 2.9\tex\latex\hyperref\nameref.sty"
Package: nameref 2012/10/27 v2.43 Cross-referencing by name of section

("C:\Program Files (x86)\MiKTeX 2.9\tex\generic\oberdiek\gettitlestring.sty"
Package: gettitlestring 2010/12/03 v1.4 Cleanup title references (HO)
)
\c@section@level=\count156
LaTeX Info: Redefining \Ref on input line 513.
)
LaTeX Info: Redefining \ref on input line 112.
LaTeX Info: Redefining \pageref on input line 112.
LaTeX Info: Redefining \nameref on input line 112.

(C:\Users\Tobias\Documents\GitHub\controller-design\Ausarbeitung_Projekt\Ausarbeitung.out)
(C:\Users\Tobias\Documents\GitHub\controller-design\Ausarbeitung_Projekt\Ausarbeitung.out)
\@outlinefile=\write5
LaTeX Info: Redefining \Ref on input line 112.
\c@lstlisting=\count157

<Bilder/Logo/Logo_HFU_rz_4c.pdf, id=51, 220.91473pt x 82.34062pt>
File: Bilder/Logo/Logo_HFU_rz_4c.pdf Graphic file (type pdf)
 <use Bilder/Logo/Logo_HFU_rz_4c.pdf>
Package pdftex.def Info: Bilder/Logo/Logo_HFU_rz_4c.pdf used on input line 124.
(pdftex.def)             Requested size: 152.67403pt x 56.9055pt.

Underfull \hbox (badness 10000) in paragraph at lines 124--124

 []


Underfull \hbox (badness 10000) in paragraph at lines 124--124

 []


Underfull \hbox (badness 10000) in paragraph at lines 124--124

 []

LaTeX Font Info:    Try loading font information for OT1+cmbr on input line 124.
(C:\Users\Tobias\AppData\Roaming\MiKTeX\2.9\tex\latex\cmbright\ot1cmbr.fd
File: ot1cmbr.fd 2005/04/13 v8.1 (WaS)
)
LaTeX Font Info:    Try loading font information for OML+cmbrm on input line 124.

(C:\Users\Tobias\AppData\Roaming\MiKTeX\2.9\tex\latex\cmbright\omlcmbrm.fd
File: omlcmbrm.fd 2005/04/13 v8.1 (WaS)
)
LaTeX Font Info:    Try loading font information for OMS+cmbrs on input line 124.

(C:\Users\Tobias\AppData\Roaming\MiKTeX\2.9\tex\latex\cmbright\omscmbrs.fd
File: omscmbrs.fd 2005/04/13 v8.1 (WaS)
)

Class scrreprt Warning: Usage of deprecated font command `\sf'!
(scrreprt)              You should note, that in 1994 font command `\sf' has
(scrreprt)              been defined for compatiblitiy to Script 2.0 only.
(scrreprt)              Now, after two decades of LaTeX2e and NFSS2, you
(scrreprt)              shouldn't use such commands any longer and within
(scrreprt)              KOMA-Script usage of `\sf' is definitely deprecated.
(scrreprt)              See `fntguide.pdf' for more information about
(scrreprt)              recommended font commands.
(scrreprt)              Note also, that KOMA-Script will remove the definition
(scrreprt)              of `\sf' anytime until release of about version 3.20.
(scrreprt)              But for now, KOMA-Script will replace deprecated `\sf'
(scrreprt)              by `\normalfont \sffamily ' on input line 124.

[1




{C:/Users/Tobias/AppData/Local/MiKTeX/2.9/pdftex/config/pdftex.map} <C:/Users/Tobias/Documents/GitHub/controller-design/
Ausarbeitung_Projekt/Bilder/Logo/Logo_HFU_rz_4c.pdf>]
(C:\Users\Tobias\Documents\GitHub\controller-design\Ausarbeitung_Projekt\Ausarbeitung.toc)
\tf@toc=\write6


Class scrreprt Warning: Usage of deprecated font command `\sf'!
(scrreprt)              You should note, that in 1994 font command `\sf' has
(scrreprt)              been defined for compatiblitiy to Script 2.0 only.
(scrreprt)              Now, after two decades of LaTeX2e and NFSS2, you
(scrreprt)              shouldn't use such commands any longer and within
(scrreprt)              KOMA-Script usage of `\sf' is definitely deprecated.
(scrreprt)              See `fntguide.pdf' for more information about
(scrreprt)              recommended font commands.
(scrreprt)              Note also, that KOMA-Script will remove the definition
(scrreprt)              of `\sf' anytime until release of about version 3.20.
(scrreprt)              But for now, KOMA-Script will replace deprecated `\sf'
(scrreprt)              by `\normalfont \sffamily ' on input line 129.

[2

] (C:\Users\Tobias\Documents\GitHub\controller-design\Ausarbeitung_Projekt\Kapitel/Personen.tex
<Bilder/Personen/Alexander_B.jpg, id=90, 266.9975pt x 345.29pt>
File: Bilder/Personen/Alexander_B.jpg Graphic file (type jpg)
 <use Bilder/Personen/Alexander_B.jpg>
Package pdftex.def Info: Bilder/Personen/Alexander_B.jpg used on input line 15.
(pdftex.def)             Requested size: 85.35826pt x 110.38968pt.

<Bilder/Personen/Tobi_G.jpg, id=91, 638.385pt x 770.88pt>
File: Bilder/Personen/Tobi_G.jpg Graphic file (type jpg)
 <use Bilder/Personen/Tobi_G.jpg>
Package pdftex.def Info: Bilder/Personen/Tobi_G.jpg used on input line 17.
(pdftex.def)             Requested size: 85.35826pt x 103.06448pt.
)

Class scrreprt Warning: Usage of deprecated font command `\sf'!
(scrreprt)              You should note, that in 1994 font command `\sf' has
(scrreprt)              been defined for compatiblitiy to Script 2.0 only.
(scrreprt)              Now, after two decades of LaTeX2e and NFSS2, you
(scrreprt)              shouldn't use such commands any longer and within
(scrreprt)              KOMA-Script usage of `\sf' is definitely deprecated.
(scrreprt)              See `fntguide.pdf' for more information about
(scrreprt)              recommended font commands.
(scrreprt)              Note also, that KOMA-Script will remove the definition
(scrreprt)              of `\sf' anytime until release of about version 3.20.
(scrreprt)              But for now, KOMA-Script will replace deprecated `\sf'
(scrreprt)              by `\normalfont \sffamily ' on input line 129.

[3


 <C:/Users/Tobias/Documents/GitHub/controller-design/Ausarbeitung_Projekt/Bilder/Personen/Alexander_B.jpg> <C:/Users/Tob
ias/Documents/GitHub/controller-design/Ausarbeitung_Projekt/Bilder/Personen/Tobi_G.jpg>]
(C:\Users\Tobias\Documents\GitHub\controller-design\Ausarbeitung_Projekt\Kapitel/Einleitung.tex
Kapitel 1.

Class scrreprt Warning: \float@addtolists detected!
(scrreprt)              Implementation of \float@addtolist became
(scrreprt)              deprecated in KOMA-Script v3.01 2008/11/14 and
(scrreprt)              has been replaced by more several more flexible
(scrreprt)              features of package `tocbasic`.
(scrreprt)              Since Version 3.12 support for deprecated
(scrreprt)              \float@addtolist interface has been
(scrreprt)              restricted to only some of the KOMA-Script
(scrreprt)              features and been removed from others.
(scrreprt)              Loading of package `scrhack' may help to
(scrreprt)              avoid this warning, if you are using a
(scrreprt)              a package that still implements the
(scrreprt)              deprecated \float@addtolist interface .

LaTeX Font Info:    Font shape `T1/cmbr/m/it' in size <10.95> not available
(Font)              Font shape `T1/cmbr/m/sl' tried instead on input line 19.
<Bilder3/Motor_Regelkreis.pdf, id=99, 420.57124pt x 102.3825pt>
File: Bilder3/Motor_Regelkreis.pdf Graphic file (type pdf)
 <use Bilder3/Motor_Regelkreis.pdf>
Package pdftex.def Info: Bilder3/Motor_Regelkreis.pdf used on input line 23.
(pdftex.def)             Requested size: 478.00635pt x 116.36575pt.


Class scrreprt Warning: Usage of deprecated font command `\sf'!
(scrreprt)              You should note, that in 1994 font command `\sf' has
(scrreprt)              been defined for compatiblitiy to Script 2.0 only.
(scrreprt)              Now, after two decades of LaTeX2e and NFSS2, you
(scrreprt)              shouldn't use such commands any longer and within
(scrreprt)              KOMA-Script usage of `\sf' is definitely deprecated.
(scrreprt)              See `fntguide.pdf' for more information about
(scrreprt)              recommended font commands.
(scrreprt)              Note also, that KOMA-Script will remove the definition
(scrreprt)              of `\sf' anytime until release of about version 3.20.
(scrreprt)              But for now, KOMA-Script will replace deprecated `\sf'
(scrreprt)              by `\normalfont \sffamily ' on input line 27.

[1





]
LaTeX Font Info:    Try loading font information for U+ifgeo on input line 42.
 (C:\Users\Tobias\AppData\Roaming\MiKTeX\2.9\tex\latex\ifsym\uifgeo.fd)

Class scrreprt Warning: Usage of deprecated font command `\sf'!
(scrreprt)              You should note, that in 1994 font command `\sf' has
(scrreprt)              been defined for compatiblitiy to Script 2.0 only.
(scrreprt)              Now, after two decades of LaTeX2e and NFSS2, you
(scrreprt)              shouldn't use such commands any longer and within
(scrreprt)              KOMA-Script usage of `\sf' is definitely deprecated.
(scrreprt)              See `fntguide.pdf' for more information about
(scrreprt)              recommended font commands.
(scrreprt)              Note also, that KOMA-Script will remove the definition
(scrreprt)              of `\sf' anytime until release of about version 3.20.
(scrreprt)              But for now, KOMA-Script will replace deprecated `\sf'
(scrreprt)              by `\normalfont \sffamily ' on input line 56.

[2 <C:/Users/Tobias/Documents/GitHub/controller-design/Ausarbeitung_Projekt/Bilder3/Motor_Regelkreis.pdf>])

Class scrreprt Warning: Usage of deprecated font command `\sf'!
(scrreprt)              You should note, that in 1994 font command `\sf' has
(scrreprt)              been defined for compatiblitiy to Script 2.0 only.
(scrreprt)              Now, after two decades of LaTeX2e and NFSS2, you
(scrreprt)              shouldn't use such commands any longer and within
(scrreprt)              KOMA-Script usage of `\sf' is definitely deprecated.
(scrreprt)              See `fntguide.pdf' for more information about
(scrreprt)              recommended font commands.
(scrreprt)              Note also, that KOMA-Script will remove the definition
(scrreprt)              of `\sf' anytime until release of about version 3.20.
(scrreprt)              But for now, KOMA-Script will replace deprecated `\sf'
(scrreprt)              by `\normalfont \sffamily ' on input line 141.

[3] (C:\Users\Tobias\Documents\GitHub\controller-design\Ausarbeitung_Projekt\Kapitel/Hauptteil.tex
Kapitel 2.
<Bilder3/UMLClassDiagram1.pdf, id=125, 448.67625pt x 212.795pt>
File: Bilder3/UMLClassDiagram1.pdf Graphic file (type pdf)
 <use Bilder3/UMLClassDiagram1.pdf>
Package pdftex.def Info: Bilder3/UMLClassDiagram1.pdf used on input line 8.
(pdftex.def)             Requested size: 525.80989pt x 249.40422pt.

Overfull \hbox (47.80354pt too wide) in paragraph at lines 8--9
 [][] 
 []


Class scrreprt Warning: Usage of deprecated font command `\sf'!
(scrreprt)              You should note, that in 1994 font command `\sf' has
(scrreprt)              been defined for compatiblitiy to Script 2.0 only.
(scrreprt)              Now, after two decades of LaTeX2e and NFSS2, you
(scrreprt)              shouldn't use such commands any longer and within
(scrreprt)              KOMA-Script usage of `\sf' is definitely deprecated.
(scrreprt)              See `fntguide.pdf' for more information about
(scrreprt)              recommended font commands.
(scrreprt)              Note also, that KOMA-Script will remove the definition
(scrreprt)              of `\sf' anytime until release of about version 3.20.
(scrreprt)              But for now, KOMA-Script will replace deprecated `\sf'
(scrreprt)              by `\normalfont \sffamily ' on input line 23.

[4



 <C:/Users/Tobias/Documents/GitHub/controller-design/Ausarbeitung_Projekt/Bilder3/UMLClassDiagram1.pdf>]
Underfull \hbox (badness 10000) in paragraph at lines 32--33

 []

<Bilder3/Live_Tuner.png, id=182, 834.11626pt x 529.22719pt>
File: Bilder3/Live_Tuner.png Graphic file (type png)
 <use Bilder3/Live_Tuner.png>
Package pdftex.def Info: Bilder3/Live_Tuner.png used on input line 38.
(pdftex.def)             Requested size: 478.00635pt x 303.28577pt.


Class scrreprt Warning: Usage of deprecated font command `\sf'!
(scrreprt)              You should note, that in 1994 font command `\sf' has
(scrreprt)              been defined for compatiblitiy to Script 2.0 only.
(scrreprt)              Now, after two decades of LaTeX2e and NFSS2, you
(scrreprt)              shouldn't use such commands any longer and within
(scrreprt)              KOMA-Script usage of `\sf' is definitely deprecated.
(scrreprt)              See `fntguide.pdf' for more information about
(scrreprt)              recommended font commands.
(scrreprt)              Note also, that KOMA-Script will remove the definition
(scrreprt)              of `\sf' anytime until release of about version 3.20.
(scrreprt)              But for now, KOMA-Script will replace deprecated `\sf'
(scrreprt)              by `\normalfont \sffamily ' on input line 47.

[5 <C:/Users/Tobias/Documents/GitHub/controller-design/Ausarbeitung_Projekt/Bilder3/Live_Tuner.png>]

Class scrreprt Warning: Usage of deprecated font command `\sf'!
(scrreprt)              You should note, that in 1994 font command `\sf' has
(scrreprt)              been defined for compatiblitiy to Script 2.0 only.
(scrreprt)              Now, after two decades of LaTeX2e and NFSS2, you
(scrreprt)              shouldn't use such commands any longer and within
(scrreprt)              KOMA-Script usage of `\sf' is definitely deprecated.
(scrreprt)              See `fntguide.pdf' for more information about
(scrreprt)              recommended font commands.
(scrreprt)              Note also, that KOMA-Script will remove the definition
(scrreprt)              of `\sf' anytime until release of about version 3.20.
(scrreprt)              But for now, KOMA-Script will replace deprecated `\sf'
(scrreprt)              by `\normalfont \sffamily ' on input line 80.

[6] <Bilder3/warning.png, id=193, 499.8675pt x 232.61906pt>
File: Bilder3/warning.png Graphic file (type png)
 <use Bilder3/warning.png>
Package pdftex.def Info: Bilder3/warning.png used on input line 83.
(pdftex.def)             Requested size: 478.00635pt x 222.45277pt.


Class scrreprt Warning: Usage of deprecated font command `\sf'!
(scrreprt)              You should note, that in 1994 font command `\sf' has
(scrreprt)              been defined for compatiblitiy to Script 2.0 only.
(scrreprt)              Now, after two decades of LaTeX2e and NFSS2, you
(scrreprt)              shouldn't use such commands any longer and within
(scrreprt)              KOMA-Script usage of `\sf' is definitely deprecated.
(scrreprt)              See `fntguide.pdf' for more information about
(scrreprt)              recommended font commands.
(scrreprt)              Note also, that KOMA-Script will remove the definition
(scrreprt)              of `\sf' anytime until release of about version 3.20.
(scrreprt)              But for now, KOMA-Script will replace deprecated `\sf'
(scrreprt)              by `\normalfont \sffamily ' on input line 90.

[7 <C:/Users/Tobias/Documents/GitHub/controller-design/Ausarbeitung_Projekt/Bilder3/warning.png>]
<Bilder3/Regelkreis.pdf, id=199, 370.38374pt x 169.63374pt>
File: Bilder3/Regelkreis.pdf Graphic file (type pdf)
 <use Bilder3/Regelkreis.pdf>
Package pdftex.def Info: Bilder3/Regelkreis.pdf used on input line 100.
(pdftex.def)             Requested size: 478.00635pt x 218.92677pt.


Class scrreprt Warning: Usage of deprecated font command `\sf'!
(scrreprt)              You should note, that in 1994 font command `\sf' has
(scrreprt)              been defined for compatiblitiy to Script 2.0 only.
(scrreprt)              Now, after two decades of LaTeX2e and NFSS2, you
(scrreprt)              shouldn't use such commands any longer and within
(scrreprt)              KOMA-Script usage of `\sf' is definitely deprecated.
(scrreprt)              See `fntguide.pdf' for more information about
(scrreprt)              recommended font commands.
(scrreprt)              Note also, that KOMA-Script will remove the definition
(scrreprt)              of `\sf' anytime until release of about version 3.20.
(scrreprt)              But for now, KOMA-Script will replace deprecated `\sf'
(scrreprt)              by `\normalfont \sffamily ' on input line 131.

[8 <C:/Users/Tobias/Documents/GitHub/controller-design/Ausarbeitung_Projekt/Bilder3/Regelkreis.pdf>]

Class scrreprt Warning: Usage of deprecated font command `\sf'!
(scrreprt)              You should note, that in 1994 font command `\sf' has
(scrreprt)              been defined for compatiblitiy to Script 2.0 only.
(scrreprt)              Now, after two decades of LaTeX2e and NFSS2, you
(scrreprt)              shouldn't use such commands any longer and within
(scrreprt)              KOMA-Script usage of `\sf' is definitely deprecated.
(scrreprt)              See `fntguide.pdf' for more information about
(scrreprt)              recommended font commands.
(scrreprt)              Note also, that KOMA-Script will remove the definition
(scrreprt)              of `\sf' anytime until release of about version 3.20.
(scrreprt)              But for now, KOMA-Script will replace deprecated `\sf'
(scrreprt)              by `\normalfont \sffamily ' on input line 145.

[9] <Bilder3/UMLClassDiagram2.pdf, id=218, 304.13625pt x 212.795pt>
File: Bilder3/UMLClassDiagram2.pdf Graphic file (type pdf)
 <use Bilder3/UMLClassDiagram2.pdf>
Package pdftex.def Info: Bilder3/UMLClassDiagram2.pdf used on input line 160.
(pdftex.def)             Requested size: 430.20279pt x 301.00858pt.


Class scrreprt Warning: Usage of deprecated font command `\sf'!
(scrreprt)              You should note, that in 1994 font command `\sf' has
(scrreprt)              been defined for compatiblitiy to Script 2.0 only.
(scrreprt)              Now, after two decades of LaTeX2e and NFSS2, you
(scrreprt)              shouldn't use such commands any longer and within
(scrreprt)              KOMA-Script usage of `\sf' is definitely deprecated.
(scrreprt)              See `fntguide.pdf' for more information about
(scrreprt)              recommended font commands.
(scrreprt)              Note also, that KOMA-Script will remove the definition
(scrreprt)              of `\sf' anytime until release of about version 3.20.
(scrreprt)              But for now, KOMA-Script will replace deprecated `\sf'
(scrreprt)              by `\normalfont \sffamily ' on input line 173.

[10 <C:/Users/Tobias/Documents/GitHub/controller-design/Ausarbeitung_Projekt/Bilder3/UMLClassDiagram2.pdf>]
File: Bilder3/Regelkreis.pdf Graphic file (type pdf)

<use Bilder3/Regelkreis.pdf>
Package pdftex.def Info: Bilder3/Regelkreis.pdf used on input line 194.
(pdftex.def)             Requested size: 478.00635pt x 218.92677pt.


Class scrreprt Warning: Usage of deprecated font command `\sf'!
(scrreprt)              You should note, that in 1994 font command `\sf' has
(scrreprt)              been defined for compatiblitiy to Script 2.0 only.
(scrreprt)              Now, after two decades of LaTeX2e and NFSS2, you
(scrreprt)              shouldn't use such commands any longer and within
(scrreprt)              KOMA-Script usage of `\sf' is definitely deprecated.
(scrreprt)              See `fntguide.pdf' for more information about
(scrreprt)              recommended font commands.
(scrreprt)              Note also, that KOMA-Script will remove the definition
(scrreprt)              of `\sf' anytime until release of about version 3.20.
(scrreprt)              But for now, KOMA-Script will replace deprecated `\sf'
(scrreprt)              by `\normalfont \sffamily ' on input line 199.

[11] <Bilder3/Interface_IS.pdf, id=281, 115.43124pt x 71.26625pt>
File: Bilder3/Interface_IS.pdf Graphic file (type pdf)
 <use Bilder3/Interface_IS.pdf>
Package pdftex.def Info: Bilder3/Interface_IS.pdf used on input line 205.
(pdftex.def)             Requested size: 239.00317pt x 147.56909pt.

<Bilder3/UMLSequenceDiagram1.pdf, id=283, 480.79625pt x 401.5pt>
File: Bilder3/UMLSequenceDiagram1.pdf Graphic file (type pdf)
 <use Bilder3/UMLSequenceDiagram1.pdf>
Package pdftex.def Info: Bilder3/UMLSequenceDiagram1.pdf used on input line 239.
(pdftex.def)             Requested size: 478.00635pt x 399.1771pt.


Class scrreprt Warning: Usage of deprecated font command `\sf'!
(scrreprt)              You should note, that in 1994 font command `\sf' has
(scrreprt)              been defined for compatiblitiy to Script 2.0 only.
(scrreprt)              Now, after two decades of LaTeX2e and NFSS2, you
(scrreprt)              shouldn't use such commands any longer and within
(scrreprt)              KOMA-Script usage of `\sf' is definitely deprecated.
(scrreprt)              See `fntguide.pdf' for more information about
(scrreprt)              recommended font commands.
(scrreprt)              Note also, that KOMA-Script will remove the definition
(scrreprt)              of `\sf' anytime until release of about version 3.20.
(scrreprt)              But for now, KOMA-Script will replace deprecated `\sf'
(scrreprt)              by `\normalfont \sffamily ' on input line 243.

[12 <C:/Users/Tobias/Documents/GitHub/controller-design/Ausarbeitung_Projekt/Bilder3/Interface_IS.pdf>]

Class scrreprt Warning: Usage of deprecated font command `\sf'!
(scrreprt)              You should note, that in 1994 font command `\sf' has
(scrreprt)              been defined for compatiblitiy to Script 2.0 only.
(scrreprt)              Now, after two decades of LaTeX2e and NFSS2, you
(scrreprt)              shouldn't use such commands any longer and within
(scrreprt)              KOMA-Script usage of `\sf' is definitely deprecated.
(scrreprt)              See `fntguide.pdf' for more information about
(scrreprt)              recommended font commands.
(scrreprt)              Note also, that KOMA-Script will remove the definition
(scrreprt)              of `\sf' anytime until release of about version 3.20.
(scrreprt)              But for now, KOMA-Script will replace deprecated `\sf'
(scrreprt)              by `\normalfont \sffamily ' on input line 252.

[13 <C:/Users/Tobias/Documents/GitHub/controller-design/Ausarbeitung_Projekt/Bilder3/UMLSequenceDiagram1.pdf>]
<Bilder3/UMLClassDiagram3.pdf, id=367, 210.7875pt x 98.3675pt>
File: Bilder3/UMLClassDiagram3.pdf Graphic file (type pdf)
 <use Bilder3/UMLClassDiagram3.pdf>
Package pdftex.def Info: Bilder3/UMLClassDiagram3.pdf used on input line 272.
(pdftex.def)             Requested size: 478.00635pt x 223.07489pt.


Class scrreprt Warning: Usage of deprecated font command `\sf'!
(scrreprt)              You should note, that in 1994 font command `\sf' has
(scrreprt)              been defined for compatiblitiy to Script 2.0 only.
(scrreprt)              Now, after two decades of LaTeX2e and NFSS2, you
(scrreprt)              shouldn't use such commands any longer and within
(scrreprt)              KOMA-Script usage of `\sf' is definitely deprecated.
(scrreprt)              See `fntguide.pdf' for more information about
(scrreprt)              recommended font commands.
(scrreprt)              Note also, that KOMA-Script will remove the definition
(scrreprt)              of `\sf' anytime until release of about version 3.20.
(scrreprt)              But for now, KOMA-Script will replace deprecated `\sf'
(scrreprt)              by `\normalfont \sffamily ' on input line 292.

[14 <C:/Users/Tobias/Documents/GitHub/controller-design/Ausarbeitung_Projekt/Bilder3/UMLClassDiagram3.pdf>])

Class scrreprt Warning: Usage of deprecated font command `\sf'!
(scrreprt)              You should note, that in 1994 font command `\sf' has
(scrreprt)              been defined for compatiblitiy to Script 2.0 only.
(scrreprt)              Now, after two decades of LaTeX2e and NFSS2, you
(scrreprt)              shouldn't use such commands any longer and within
(scrreprt)              KOMA-Script usage of `\sf' is definitely deprecated.
(scrreprt)              See `fntguide.pdf' for more information about
(scrreprt)              recommended font commands.
(scrreprt)              Note also, that KOMA-Script will remove the definition
(scrreprt)              of `\sf' anytime until release of about version 3.20.
(scrreprt)              But for now, KOMA-Script will replace deprecated `\sf'
(scrreprt)              by `\normalfont \sffamily ' on input line 143.

[15] (C:\Users\Tobias\Documents\GitHub\controller-design\Ausarbeitung_Projekt\Kapitel/Zusammenfassung2.tex
Kapitel 3.
)

Class scrreprt Warning: Usage of deprecated font command `\sf'!
(scrreprt)              You should note, that in 1994 font command `\sf' has
(scrreprt)              been defined for compatiblitiy to Script 2.0 only.
(scrreprt)              Now, after two decades of LaTeX2e and NFSS2, you
(scrreprt)              shouldn't use such commands any longer and within
(scrreprt)              KOMA-Script usage of `\sf' is definitely deprecated.
(scrreprt)              See `fntguide.pdf' for more information about
(scrreprt)              recommended font commands.
(scrreprt)              Note also, that KOMA-Script will remove the definition
(scrreprt)              of `\sf' anytime until release of about version 3.20.
(scrreprt)              But for now, KOMA-Script will replace deprecated `\sf'
(scrreprt)              by `\normalfont \sffamily ' on input line 145.

[16



] (C:\Users\Tobias\Documents\GitHub\controller-design\Ausarbeitung_Projekt\Kapitel/Anhang/Quellenverzeichnis.tex
Kapitel 4.
)

Class scrreprt Warning: Usage of deprecated font command `\sf'!
(scrreprt)              You should note, that in 1994 font command `\sf' has
(scrreprt)              been defined for compatiblitiy to Script 2.0 only.
(scrreprt)              Now, after two decades of LaTeX2e and NFSS2, you
(scrreprt)              shouldn't use such commands any longer and within
(scrreprt)              KOMA-Script usage of `\sf' is definitely deprecated.
(scrreprt)              See `fntguide.pdf' for more information about
(scrreprt)              recommended font commands.
(scrreprt)              Note also, that KOMA-Script will remove the definition
(scrreprt)              of `\sf' anytime until release of about version 3.20.
(scrreprt)              But for now, KOMA-Script will replace deprecated `\sf'
(scrreprt)              by `\normalfont \sffamily ' on input line 151.

[17



] (C:\Users\Tobias\Documents\GitHub\controller-design\Ausarbeitung_Projekt\Ausarbeitung.lof)
\tf@lof=\write7

(C:\Users\Tobias\Documents\GitHub\controller-design\Ausarbeitung_Projekt\Ausarbeitung.ind)
Package atveryend Info: Empty hook `BeforeClearDocument' on input line 175.


Class scrreprt Warning: Usage of deprecated font command `\sf'!
(scrreprt)              You should note, that in 1994 font command `\sf' has
(scrreprt)              been defined for compatiblitiy to Script 2.0 only.
(scrreprt)              Now, after two decades of LaTeX2e and NFSS2, you
(scrreprt)              shouldn't use such commands any longer and within
(scrreprt)              KOMA-Script usage of `\sf' is definitely deprecated.
(scrreprt)              See `fntguide.pdf' for more information about
(scrreprt)              recommended font commands.
(scrreprt)              Note also, that KOMA-Script will remove the definition
(scrreprt)              of `\sf' anytime until release of about version 3.20.
(scrreprt)              But for now, KOMA-Script will replace deprecated `\sf'
(scrreprt)              by `\normalfont \sffamily ' on input line 175.

[18


]
Package atveryend Info: Empty hook `AfterLastShipout' on input line 175.
 (C:\Users\Tobias\Documents\GitHub\controller-design\Ausarbeitung_Projekt\Ausarbeitung.aux
(C:\Users\Tobias\Documents\GitHub\controller-design\Ausarbeitung_Projekt\Kapitel/Personen.aux)
(C:\Users\Tobias\Documents\GitHub\controller-design\Ausarbeitung_Projekt\Kapitel/Einleitung.aux)
(C:\Users\Tobias\Documents\GitHub\controller-design\Ausarbeitung_Projekt\Kapitel/Hauptteil.aux)
(C:\Users\Tobias\Documents\GitHub\controller-design\Ausarbeitung_Projekt\Kapitel/Zusammenfassung2.aux)
(C:\Users\Tobias\Documents\GitHub\controller-design\Ausarbeitung_Projekt\Kapitel/Anhang/Quellenverzeichnis.aux))
Package atveryend Info: Executing hook `AtVeryEndDocument' on input line 175.
Package atveryend Info: Executing hook `AtEndAfterFileList' on input line 175.
Package rerunfilecheck Info: File `Ausarbeitung.out' has not changed.
(rerunfilecheck)             Checksum: 3E5F7A453AC45B20350DB1C96885C76F;795.
Package atveryend Info: Empty hook `AtVeryVeryEnd' on input line 175.
 ) 
Here is how much of TeX's memory you used:
 14631 strings out of 493921
 224691 string characters out of 3144874
 410893 words of memory out of 3000000
 17550 multiletter control sequences out of 15000+200000
 24164 words of font info for 74 fonts, out of 3000000 for 9000
 841 hyphenation exceptions out of 8191
 41i,15n,67p,938b,583s stack positions out of 5000i,500n,10000p,200000b,50000s
 <C:\Users\Tobias\AppData\Local\MiKTeX\2.9\fonts\pk\ljfour\public\cmbright\dpi600\cmbrmi8.pk> <C:\Users\Tobias\AppData
\Local\MiKTeX\2.9\fonts\pk\ljfour\public\cmbright\dpi657\cmbrmi10.pk> <C:\Users\Tobias\AppData\Local\MiKTeX\2.9\fonts\pk
\ljfour\public\cmbright\dpi720\ebbx10.pk> <C:\Users\Tobias\AppData\Local\MiKTeX\2.9\fonts\pk\ljfour\public\ifsym\dpi657\
ifgeo10.pk> <C:\Users\Tobias\AppData\Local\MiKTeX\2.9\fonts\pk\ljfour\public\cmbright\dpi657\ebmo10.pk> <C:\Users\Tobias
\AppData\Local\MiKTeX\2.9\fonts\pk\ljfour\public\cmbright\dpi600\ebmr10.pk> <C:\Users\Tobias\AppData\Local\MiKTeX\2.9\fo
nts\pk\ljfour\public\cmbright\dpi657\ebmr10.pk> <C:\Users\Tobias\AppData\Local\MiKTeX\2.9\fonts\pk\ljfour\public\cmbrigh
t\dpi657\ebbx10.pk> <C:\Users\Tobias\AppData\Local\MiKTeX\2.9\fonts\pk\ljfour\public\cmbright\dpi864\ebmr10.pk> <C:\User
s\Tobias\AppData\Local\MiKTeX\2.9\fonts\pk\ljfour\public\cmbright\dpi1244\ebbx10.pk> <C:\Users\Tobias\AppData\Local\MiKT
eX\2.9\fonts\pk\ljfour\public\cmbright\dpi864\ebbx10.pk>
Output written on Ausarbeitung.pdf (21 pages, 712733 bytes).
PDF statistics:
 872 PDF objects out of 1000 (max. 8388607)
 47 named destinations out of 1000 (max. 500000)
 157 words of extra memory for PDF output out of 10000 (max. 10000000)

